Copyright 1986-2022 Xilinx, Inc. All Rights Reserved. Copyright 2022-2023 Advanced Micro Devices, Inc. All Rights Reserved.
---------------------------------------------------------------------------------------------------------------------------------------------
| Tool Version : Vivado v.2023.1 (win64) Build 3865809 Sun May  7 15:05:29 MDT 2023
| Date         : Mon Nov 18 08:36:55 2024
| Host         : DESKTOP-07OEL5G running 64-bit major release  (build 9200)
| Command      : upgrade_ip
| Device       : xc7a200tfbg484-1
---------------------------------------------------------------------------------------------------------------------------------------------

Upgrade Log for IP 'DisplayROM'

1. Summary
----------

SUCCESS in the upgrade of DisplayROM (xilinx.com:ip:dist_mem_gen:8.0) from (Rev. 12) to (Rev. 13)






Copyright 1986-2022 Xilinx, Inc. All Rights Reserved. Copyright 2022-2023 Advanced Micro Devices, Inc. All Rights Reserved.
---------------------------------------------------------------------------------------------------------------------------------------------
| Tool Version : Vivado v.2023.1 (win64) Build 3865809 Sun May  7 15:05:29 MDT 2023
| Date         : Mon Nov 18 08:27:55 2024
| Host         : DESKTOP-07OEL5G running 64-bit major release  (build 9200)
| Command      : upgrade_ip
| Device       : xc7a200tfbg484-1
---------------------------------------------------------------------------------------------------------------------------------------------

Upgrade Log for IP 'DCM_PLL'

1. Summary
----------

SUCCESS in the upgrade of DCM_PLL from xilinx.com:ip:clk_wiz:5.4 (Rev. 3) to xilinx.com:ip:clk_wiz:6.0 (Rev. 12)






Copyright 1986-2022 Xilinx, Inc. All Rights Reserved. Copyright 2022-2023 Advanced Micro Devices, Inc. All Rights Reserved.
---------------------------------------------------------------------------------------------------------------------------------------------
| Tool Version : Vivado v.2023.1 (win64) Build 3865809 Sun May  7 15:05:29 MDT 2023
| Date         : Mon Nov 18 08:26:24 2024
| Host         : DESKTOP-07OEL5G running 64-bit major release  (build 9200)
| Command      : upgrade_ip
| Device       : xc7a200tfbg484-1
---------------------------------------------------------------------------------------------------------------------------------------------

Upgrade Log for IP 'blk_mem_gen_0'

1. Summary
----------

SUCCESS in the update of blk_mem_gen_0 (xilinx.com:ip:blk_mem_gen:8.4 (Rev. 6)) to current project options.

